------------------------------------------------------------------------------------------------------------------------

[2022-10-09 11:48:54 #1 store] 
Database 'C:\Users\Leire\git\Bet22Lite\src\main\resources\bets.temp' has been recovered (tr. 120-127)

[2022-10-09 11:48:54 #2 store] 
Database 'C:\Users\Leire\git\Bet22Lite\src\main\resources\bets.temp' is opened by 4380@DESKTOP-7BEFLBH

[2022-10-09 11:48:54 #3 type] 
Type domain.Team is not enhanced.

[2022-10-09 11:48:54 #4 type] 
Type domain.Event is not enhanced.

[2022-10-09 11:48:54 #5 type] 
Type domain.Registered is not enhanced.

[2022-10-09 11:48:54 #6 type] 
Type domain.Sport is not enhanced.

[2022-10-09 11:48:54 #7 type] 
Type domain.Question is not enhanced.

[2022-10-09 11:48:54 #8 type] 
Type domain.Jarraitzailea is not enhanced.

[2022-10-09 11:48:54 #9 type] 
Type domain.ApustuAnitza is not enhanced.

[2022-10-09 11:48:54 #10 type] 
Type domain.Transaction is not enhanced.

[2022-10-09 11:48:54 #11 type] 
Type domain.Quote is not enhanced.

[2022-10-09 11:48:54 #12 type] 
Type domain.Apustua is not enhanced.

------------------------------------------------------------------------------------------------------------------------

[2022-10-09 13:17:16 #1 store] 
Database 'C:\Users\Leire\git\Bet22Lite\src\main\resources\bets.temp' has been recovered (tr. 128-131)

[2022-10-09 13:17:16 #2 store] 
Database 'C:\Users\Leire\git\Bet22Lite\src\main\resources\bets.temp' is opened by 1848@DESKTOP-7BEFLBH

[2022-10-09 13:17:16 #3 type] 
Type domain.Team is not enhanced.

[2022-10-09 13:17:16 #4 type] 
Type domain.Event is not enhanced.

[2022-10-09 13:17:16 #5 type] 
Type domain.Registered is not enhanced.

[2022-10-09 13:17:16 #6 type] 
Type domain.Sport is not enhanced.

[2022-10-09 13:17:16 #7 type] 
Type domain.Question is not enhanced.

[2022-10-09 13:17:16 #8 type] 
Type domain.Jarraitzailea is not enhanced.

[2022-10-09 13:17:16 #9 type] 
Type domain.ApustuAnitza is not enhanced.

[2022-10-09 13:17:16 #10 type] 
Type domain.Transaction is not enhanced.

[2022-10-09 13:17:16 #11 type] 
Type domain.Quote is not enhanced.

[2022-10-09 13:17:16 #12 type] 
Type domain.Apustua is not enhanced.

------------------------------------------------------------------------------------------------------------------------

[2022-10-09 13:21:05 #1 store] 
Database 'C:\Users\Leire\git\Bet22Lite\src\main\resources\bets.temp' has been recovered (tr. 132-139)

[2022-10-09 13:21:05 #2 store] 
Database 'C:\Users\Leire\git\Bet22Lite\src\main\resources\bets.temp' is opened by 12920@DESKTOP-7BEFLBH

[2022-10-09 13:21:05 #3 type] 
Type domain.Team is not enhanced.

[2022-10-09 13:21:05 #4 type] 
Type domain.Event is not enhanced.

[2022-10-09 13:21:05 #5 type] 
Type domain.Registered is not enhanced.

[2022-10-09 13:21:05 #6 type] 
Type domain.Sport is not enhanced.

[2022-10-09 13:21:05 #7 type] 
Type domain.Question is not enhanced.

[2022-10-09 13:21:05 #8 type] 
Type domain.Jarraitzailea is not enhanced.

[2022-10-09 13:21:05 #9 type] 
Type domain.ApustuAnitza is not enhanced.

[2022-10-09 13:21:05 #10 type] 
Type domain.Transaction is not enhanced.

[2022-10-09 13:21:05 #11 type] 
Type domain.Quote is not enhanced.

[2022-10-09 13:21:05 #12 type] 
Type domain.Apustua is not enhanced.

------------------------------------------------------------------------------------------------------------------------

[2022-10-09 13:26:28 #1 store] 
Database 'C:\Users\Leire\git\Bet22Lite\src\main\resources\bets.temp' has been recovered (tr. 140-143)

[2022-10-09 13:26:28 #2 store] 
Database 'C:\Users\Leire\git\Bet22Lite\src\main\resources\bets.temp' is opened by 18512@DESKTOP-7BEFLBH

[2022-10-09 13:26:28 #3 type] 
Type domain.Team is not enhanced.

[2022-10-09 13:26:28 #4 type] 
Type domain.Event is not enhanced.

[2022-10-09 13:26:28 #5 type] 
Type domain.Registered is not enhanced.

[2022-10-09 13:26:28 #6 type] 
Type domain.Sport is not enhanced.

[2022-10-09 13:26:28 #7 type] 
Type domain.Question is not enhanced.

[2022-10-09 13:26:28 #8 type] 
Type domain.Jarraitzailea is not enhanced.

[2022-10-09 13:26:28 #9 type] 
Type domain.ApustuAnitza is not enhanced.

[2022-10-09 13:26:28 #10 type] 
Type domain.Transaction is not enhanced.

[2022-10-09 13:26:28 #11 type] 
Type domain.Quote is not enhanced.

[2022-10-09 13:26:28 #12 type] 
Type domain.Apustua is not enhanced.

------------------------------------------------------------------------------------------------------------------------

[2022-10-09 15:15:31 #1 store] 
Database 'C:\Users\Leire\git\BetsLiteIS2\bets\src\main\resources\bets.temp' has been recovered (tr. 144-147)

[2022-10-09 15:15:31 #2 store] 
Database 'C:\Users\Leire\git\BetsLiteIS2\bets\src\main\resources\bets.temp' is opened by 18696@DESKTOP-7BEFLBH

[2022-10-09 15:15:32 #3 type] 
Type domain.Team is not enhanced.

[2022-10-09 15:15:32 #4 type] 
Type domain.Event is not enhanced.

[2022-10-09 15:15:32 #5 type] 
Type domain.Registered is not enhanced.

[2022-10-09 15:15:32 #6 type] 
Type domain.Sport is not enhanced.

[2022-10-09 15:15:32 #7 type] 
Type domain.Question is not enhanced.

[2022-10-09 15:15:32 #8 type] 
Type domain.Jarraitzailea is not enhanced.

[2022-10-09 15:15:32 #9 type] 
Type domain.ApustuAnitza is not enhanced.

[2022-10-09 15:15:32 #10 type] 
Type domain.Transaction is not enhanced.

[2022-10-09 15:15:32 #11 type] 
Type domain.Quote is not enhanced.

[2022-10-09 15:15:32 #12 type] 
Type domain.Apustua is not enhanced.

------------------------------------------------------------------------------------------------------------------------

[2022-10-09 15:15:39 #1 store] 
Database 'C:\Users\Leire\git\BetsLiteIS2\bets\src\main\resources\bets.temp' has been recovered (tr. 148-151)

[2022-10-09 15:15:39 #2 store] 
Database 'C:\Users\Leire\git\BetsLiteIS2\bets\src\main\resources\bets.temp' is opened by 11448@DESKTOP-7BEFLBH

[2022-10-09 15:15:39 #3 type] 
Type domain.Team is not enhanced.

[2022-10-09 15:15:39 #4 type] 
Type domain.Event is not enhanced.

[2022-10-09 15:15:39 #5 type] 
Type domain.Registered is not enhanced.

[2022-10-09 15:15:39 #6 type] 
Type domain.Sport is not enhanced.

[2022-10-09 15:15:39 #7 type] 
Type domain.Question is not enhanced.

[2022-10-09 15:15:39 #8 type] 
Type domain.Jarraitzailea is not enhanced.

[2022-10-09 15:15:39 #9 type] 
Type domain.ApustuAnitza is not enhanced.

[2022-10-09 15:15:39 #10 type] 
Type domain.Transaction is not enhanced.

[2022-10-09 15:15:39 #11 type] 
Type domain.Quote is not enhanced.

[2022-10-09 15:15:39 #12 type] 
Type domain.Apustua is not enhanced.

------------------------------------------------------------------------------------------------------------------------

[2022-10-09 20:56:03 #1 store] 
Database 'C:\Users\Leire\git\BetsLiteIS2\bets\src\main\resources\bets.temp' has been recovered (tr. 152-159)

[2022-10-09 20:56:03 #2 store] 
Database 'C:\Users\Leire\git\BetsLiteIS2\bets\src\main\resources\bets.temp' is opened by 14224@DESKTOP-7BEFLBH

[2022-10-09 20:56:03 #3 type] 
Type domain.Team is not enhanced.

[2022-10-09 20:56:03 #4 type] 
Type domain.Event is not enhanced.

[2022-10-09 20:56:03 #5 type] 
Type domain.Registered is not enhanced.

[2022-10-09 20:56:03 #6 type] 
Type domain.Sport is not enhanced.

[2022-10-09 20:56:03 #7 type] 
Type domain.Question is not enhanced.

[2022-10-09 20:56:03 #8 type] 
Type domain.Jarraitzailea is not enhanced.

[2022-10-09 20:56:03 #9 type] 
Type domain.ApustuAnitza is not enhanced.

[2022-10-09 20:56:03 #10 type] 
Type domain.Transaction is not enhanced.

[2022-10-09 20:56:03 #11 type] 
Type domain.Quote is not enhanced.

[2022-10-09 20:56:03 #12 type] 
Type domain.Apustua is not enhanced.

------------------------------------------------------------------------------------------------------------------------

[2022-10-09 20:56:11 #1 store] 
Database 'C:\Users\Leire\git\BetsLiteIS2\bets\src\main\resources\bets.temp' has been recovered (tr. 160-163)

[2022-10-09 20:56:11 #2 store] 
Database 'C:\Users\Leire\git\BetsLiteIS2\bets\src\main\resources\bets.temp' is opened by 18716@DESKTOP-7BEFLBH

[2022-10-09 20:56:11 #3 type] 
Type domain.Team is not enhanced.

[2022-10-09 20:56:11 #4 type] 
Type domain.Event is not enhanced.

[2022-10-09 20:56:11 #5 type] 
Type domain.Registered is not enhanced.

[2022-10-09 20:56:11 #6 type] 
Type domain.Sport is not enhanced.

[2022-10-09 20:56:11 #7 type] 
Type domain.Question is not enhanced.

[2022-10-09 20:56:11 #8 type] 
Type domain.Jarraitzailea is not enhanced.

[2022-10-09 20:56:11 #9 type] 
Type domain.ApustuAnitza is not enhanced.

[2022-10-09 20:56:11 #10 type] 
Type domain.Transaction is not enhanced.

[2022-10-09 20:56:11 #11 type] 
Type domain.Quote is not enhanced.

[2022-10-09 20:56:11 #12 type] 
Type domain.Apustua is not enhanced.

------------------------------------------------------------------------------------------------------------------------

[2022-10-09 22:20:22 #1 store] 
Database 'C:\Users\Leire\git\BetsLiteIS2\bets\src\main\resources\bets.temp' has been recovered (tr. 164-171)

[2022-10-09 22:20:22 #2 store] 
Database 'C:\Users\Leire\git\BetsLiteIS2\bets\src\main\resources\bets.temp' is opened by 17976@DESKTOP-7BEFLBH

[2022-10-09 22:20:22 #3 type] 
Type domain.Team is not enhanced.

[2022-10-09 22:20:22 #4 type] 
Type domain.Event is not enhanced.

[2022-10-09 22:20:22 #5 type] 
Type domain.Registered is not enhanced.

[2022-10-09 22:20:22 #6 type] 
Type domain.Sport is not enhanced.

[2022-10-09 22:20:22 #7 type] 
Type domain.Question is not enhanced.

[2022-10-09 22:20:22 #8 type] 
Type domain.Jarraitzailea is not enhanced.

[2022-10-09 22:20:22 #9 type] 
Type domain.ApustuAnitza is not enhanced.

[2022-10-09 22:20:22 #10 type] 
Type domain.Transaction is not enhanced.

[2022-10-09 22:20:22 #11 type] 
Type domain.Quote is not enhanced.

[2022-10-09 22:20:22 #12 type] 
Type domain.Apustua is not enhanced.

------------------------------------------------------------------------------------------------------------------------

[2022-10-09 22:20:33 #1 store] 
Database 'C:\Users\Leire\git\BetsLiteIS2\bets\src\main\resources\bets.temp' has been recovered (tr. 172-175)

[2022-10-09 22:20:34 #2 store] 
Database 'C:\Users\Leire\git\BetsLiteIS2\bets\src\main\resources\bets.temp' is opened by 10356@DESKTOP-7BEFLBH

[2022-10-09 22:20:34 #3 type] 
Type domain.Team is not enhanced.

[2022-10-09 22:20:34 #4 type] 
Type domain.Event is not enhanced.

[2022-10-09 22:20:34 #5 type] 
Type domain.Registered is not enhanced.

[2022-10-09 22:20:34 #6 type] 
Type domain.Sport is not enhanced.

[2022-10-09 22:20:34 #7 type] 
Type domain.Question is not enhanced.

[2022-10-09 22:20:34 #8 type] 
Type domain.Jarraitzailea is not enhanced.

[2022-10-09 22:20:34 #9 type] 
Type domain.ApustuAnitza is not enhanced.

[2022-10-09 22:20:34 #10 type] 
Type domain.Transaction is not enhanced.

[2022-10-09 22:20:34 #11 type] 
Type domain.Quote is not enhanced.

[2022-10-09 22:20:34 #12 type] 
Type domain.Apustua is not enhanced.

------------------------------------------------------------------------------------------------------------------------

[2022-10-09 22:53:19 #1 store] 
Database 'C:\Users\Leire\git\BetsLiteIS2\bets\src\main\resources\bets.temp' is opened by 5908@DESKTOP-7BEFLBH

[2022-10-09 22:53:20 #2 type.registry] 
New type domain.Team

[2022-10-09 22:53:20 #3 type] 
Type domain.Team is not enhanced.

[2022-10-09 22:53:20 #4 type.registry] 
New type domain.Event

[2022-10-09 22:53:20 #5 type.registry] 
New type java.util.Vector<domain.Event>

[2022-10-09 22:53:20 #6 type.registry] 
New type domain.Registered

[2022-10-09 22:53:20 #7 type.registry] 
New type java.util.Vector<domain.Registered>

[2022-10-09 22:53:20 #8 type] 
Type domain.Event is not enhanced.

[2022-10-09 22:53:20 #9 type.registry] 
New type domain.Sport

[2022-10-09 22:53:20 #10 type.registry] 
New type domain.Question

[2022-10-09 22:53:20 #11 type.registry] 
New type java.util.Vector<domain.Question>

[2022-10-09 22:53:20 #12 type] 
Type domain.Registered is not enhanced.

[2022-10-09 22:53:20 #13 type.registry] 
New type domain.Jarraitzailea

[2022-10-09 22:53:20 #14 type.registry] 
New type java.util.Vector<domain.Jarraitzailea>

[2022-10-09 22:53:20 #15 type.registry] 
New type domain.ApustuAnitza

[2022-10-09 22:53:20 #16 type.registry] 
New type java.util.Vector<domain.ApustuAnitza>

[2022-10-09 22:53:20 #17 type.registry] 
New type domain.Transaction

[2022-10-09 22:53:20 #18 type.registry] 
New type java.util.Vector<domain.Transaction>

[2022-10-09 22:53:20 #19 type] 
Type domain.Sport is not enhanced.

[2022-10-09 22:53:20 #20 type] 
Type domain.Question is not enhanced.

[2022-10-09 22:53:20 #21 type.registry] 
New type domain.Quote

[2022-10-09 22:53:20 #22 type.registry] 
New type java.util.Vector<domain.Quote>

[2022-10-09 22:53:20 #23 type] 
Type domain.Jarraitzailea is not enhanced.

[2022-10-09 22:53:20 #24 type] 
Type domain.ApustuAnitza is not enhanced.

[2022-10-09 22:53:20 #25 type.registry] 
New type domain.Apustua

[2022-10-09 22:53:20 #26 type.registry] 
New type java.util.Vector<domain.Apustua>

[2022-10-09 22:53:20 #27 type] 
Type domain.Transaction is not enhanced.

[2022-10-09 22:53:20 #28 type] 
Type domain.Quote is not enhanced.

[2022-10-09 22:53:20 #29 type] 
Type domain.Apustua is not enhanced.

[2022-10-09 22:53:20 #30 type.registry] 
New type java.util.Vector<java.lang.Object>

------------------------------------------------------------------------------------------------------------------------

[2022-10-09 22:53:43 #1 store] 
Database 'C:\Users\Leire\git\BetsLiteIS2\bets\src\main\resources\bets.temp' has been recovered (tr. 1-13)

[2022-10-09 22:53:43 #2 store] 
Database 'C:\Users\Leire\git\BetsLiteIS2\bets\src\main\resources\bets.temp' is opened by 7460@DESKTOP-7BEFLBH

[2022-10-09 22:53:43 #3 type] 
Type domain.Team is not enhanced.

[2022-10-09 22:53:43 #4 type] 
Type domain.Event is not enhanced.

[2022-10-09 22:53:43 #5 type] 
Type domain.Registered is not enhanced.

[2022-10-09 22:53:43 #6 type] 
Type domain.Sport is not enhanced.

[2022-10-09 22:53:43 #7 type] 
Type domain.Question is not enhanced.

[2022-10-09 22:53:43 #8 type] 
Type domain.Jarraitzailea is not enhanced.

[2022-10-09 22:53:43 #9 type] 
Type domain.ApustuAnitza is not enhanced.

[2022-10-09 22:53:43 #10 type] 
Type domain.Transaction is not enhanced.

[2022-10-09 22:53:43 #11 type] 
Type domain.Quote is not enhanced.

[2022-10-09 22:53:43 #12 type] 
Type domain.Apustua is not enhanced.

