------------------------------------------------------------------------------------------------------------------------

[2022-10-14 12:43:33 #1 store] 
Database 'C:\Users\Leire\git\BetsLiteIS2\bets\src\main\resources\bets.temp' has been recovered (tr. 540-551)

[2022-10-14 12:43:33 #2 store] 
Database 'C:\Users\Leire\git\BetsLiteIS2\bets\src\main\resources\bets.temp' is opened by 2000@DESKTOP-7BEFLBH

[2022-10-14 12:43:33 #3 type] 
Type domain.Team is not enhanced.

[2022-10-14 12:43:33 #4 type] 
Type domain.Event is not enhanced.

[2022-10-14 12:43:33 #5 type] 
Type domain.Registered is not enhanced.

[2022-10-14 12:43:33 #6 type] 
Type domain.Sport is not enhanced.

[2022-10-14 12:43:33 #7 type] 
Type domain.Question is not enhanced.

[2022-10-14 12:43:33 #8 type] 
Type domain.Jarraitzailea is not enhanced.

[2022-10-14 12:43:33 #9 type] 
Type domain.ApustuAnitza is not enhanced.

[2022-10-14 12:43:33 #10 type] 
Type domain.Transaction is not enhanced.

[2022-10-14 12:43:33 #11 type] 
Type domain.Quote is not enhanced.

[2022-10-14 12:43:33 #12 type] 
Type domain.Apustua is not enhanced.

------------------------------------------------------------------------------------------------------------------------

[2022-10-14 12:45:17 #1 store] 
Database 'C:\Users\Leire\git\BetsLiteIS2\bets\src\main\resources\bets.temp' has been recovered (tr. 552-1003)

[2022-10-14 12:45:17 #2 store] 
Database 'C:\Users\Leire\git\BetsLiteIS2\bets\src\main\resources\bets.temp' is opened by 15376@DESKTOP-7BEFLBH

[2022-10-14 12:45:17 #3 type] 
Type domain.Team is not enhanced.

[2022-10-14 12:45:18 #4 type] 
Type domain.Event is not enhanced.

[2022-10-14 12:45:18 #5 type] 
Type domain.Registered is not enhanced.

[2022-10-14 12:45:18 #6 type] 
Type domain.Sport is not enhanced.

[2022-10-14 12:45:18 #7 type] 
Type domain.Question is not enhanced.

[2022-10-14 12:45:18 #8 type] 
Type domain.Jarraitzailea is not enhanced.

[2022-10-14 12:45:18 #9 type] 
Type domain.ApustuAnitza is not enhanced.

[2022-10-14 12:45:18 #10 type] 
Type domain.Transaction is not enhanced.

[2022-10-14 12:45:18 #11 type] 
Type domain.Quote is not enhanced.

[2022-10-14 12:45:18 #12 type] 
Type domain.Apustua is not enhanced.

------------------------------------------------------------------------------------------------------------------------

[2022-10-14 12:55:29 #1 store] 
Database 'C:\Users\Leire\git\BetsLiteIS2\bets\src\main\resources\bets.temp' has been recovered (tr. 1004-1455)

[2022-10-14 12:55:29 #2 store] 
Database 'C:\Users\Leire\git\BetsLiteIS2\bets\src\main\resources\bets.temp' is opened by 11728@DESKTOP-7BEFLBH

[2022-10-14 12:55:29 #3 type] 
Type domain.Team is not enhanced.

[2022-10-14 12:55:29 #4 type] 
Type domain.Event is not enhanced.

[2022-10-14 12:55:29 #5 type] 
Type domain.Registered is not enhanced.

[2022-10-14 12:55:29 #6 type] 
Type domain.Sport is not enhanced.

[2022-10-14 12:55:29 #7 type] 
Type domain.Question is not enhanced.

[2022-10-14 12:55:29 #8 type] 
Type domain.Jarraitzailea is not enhanced.

[2022-10-14 12:55:29 #9 type] 
Type domain.ApustuAnitza is not enhanced.

[2022-10-14 12:55:29 #10 type] 
Type domain.Transaction is not enhanced.

[2022-10-14 12:55:29 #11 type] 
Type domain.Quote is not enhanced.

[2022-10-14 12:55:29 #12 type] 
Type domain.Apustua is not enhanced.

------------------------------------------------------------------------------------------------------------------------

[2022-10-14 12:56:14 #1 store] 
Database 'C:\Users\Leire\git\BetsLiteIS2\bets\src\main\resources\bets.temp' has been recovered (tr. 1456-1907)

[2022-10-14 12:56:14 #2 store] 
Database 'C:\Users\Leire\git\BetsLiteIS2\bets\src\main\resources\bets.temp' is opened by 11988@DESKTOP-7BEFLBH

[2022-10-14 12:56:14 #3 type] 
Type domain.Team is not enhanced.

[2022-10-14 12:56:14 #4 type] 
Type domain.Event is not enhanced.

[2022-10-14 12:56:14 #5 type] 
Type domain.Registered is not enhanced.

[2022-10-14 12:56:14 #6 type] 
Type domain.Sport is not enhanced.

[2022-10-14 12:56:14 #7 type] 
Type domain.Question is not enhanced.

[2022-10-14 12:56:14 #8 type] 
Type domain.Jarraitzailea is not enhanced.

[2022-10-14 12:56:14 #9 type] 
Type domain.ApustuAnitza is not enhanced.

[2022-10-14 12:56:14 #10 type] 
Type domain.Transaction is not enhanced.

[2022-10-14 12:56:14 #11 type] 
Type domain.Quote is not enhanced.

[2022-10-14 12:56:14 #12 type] 
Type domain.Apustua is not enhanced.

------------------------------------------------------------------------------------------------------------------------

[2022-10-14 13:11:14 #1 store] 
Database 'C:\Users\Leire\git\BetsLiteIS2\bets\src\main\resources\bets.temp' has been recovered (tr. 1908-2359)

[2022-10-14 13:11:14 #2 store] 
Database 'C:\Users\Leire\git\BetsLiteIS2\bets\src\main\resources\bets.temp' is opened by 1784@DESKTOP-7BEFLBH

[2022-10-14 13:11:14 #3 type] 
Type domain.Team is not enhanced.

[2022-10-14 13:11:14 #4 type] 
Type domain.Event is not enhanced.

[2022-10-14 13:11:14 #5 type] 
Type domain.Registered is not enhanced.

[2022-10-14 13:11:14 #6 type] 
Type domain.Sport is not enhanced.

[2022-10-14 13:11:14 #7 type] 
Type domain.Question is not enhanced.

[2022-10-14 13:11:14 #8 type] 
Type domain.Jarraitzailea is not enhanced.

[2022-10-14 13:11:14 #9 type] 
Type domain.ApustuAnitza is not enhanced.

[2022-10-14 13:11:14 #10 type] 
Type domain.Transaction is not enhanced.

[2022-10-14 13:11:14 #11 type] 
Type domain.Quote is not enhanced.

[2022-10-14 13:11:14 #12 type] 
Type domain.Apustua is not enhanced.

------------------------------------------------------------------------------------------------------------------------

[2022-10-14 13:11:28 #1 store] 
Database 'C:\Users\Leire\git\BetsLiteIS2\bets\src\main\resources\bets.temp' has been recovered (tr. 2360-2367)

[2022-10-14 13:11:28 #2 store] 
Database 'C:\Users\Leire\git\BetsLiteIS2\bets\src\main\resources\bets.temp' is opened by 14556@DESKTOP-7BEFLBH

[2022-10-14 13:11:28 #3 type] 
Type domain.Team is not enhanced.

[2022-10-14 13:11:28 #4 type] 
Type domain.Event is not enhanced.

[2022-10-14 13:11:28 #5 type] 
Type domain.Registered is not enhanced.

[2022-10-14 13:11:28 #6 type] 
Type domain.Sport is not enhanced.

[2022-10-14 13:11:28 #7 type] 
Type domain.Question is not enhanced.

[2022-10-14 13:11:28 #8 type] 
Type domain.Jarraitzailea is not enhanced.

[2022-10-14 13:11:28 #9 type] 
Type domain.ApustuAnitza is not enhanced.

[2022-10-14 13:11:28 #10 type] 
Type domain.Transaction is not enhanced.

[2022-10-14 13:11:28 #11 type] 
Type domain.Quote is not enhanced.

[2022-10-14 13:11:28 #12 type] 
Type domain.Apustua is not enhanced.

------------------------------------------------------------------------------------------------------------------------

[2022-10-14 13:12:32 #1 store] 
Database 'C:\Users\Leire\git\BetsLiteIS2\bets\src\main\resources\bets.temp' has been recovered (tr. 2368-2375)

[2022-10-14 13:12:32 #2 store] 
Database 'C:\Users\Leire\git\BetsLiteIS2\bets\src\main\resources\bets.temp' is opened by 4280@DESKTOP-7BEFLBH

[2022-10-14 13:12:32 #3 type] 
Type domain.Team is not enhanced.

[2022-10-14 13:12:32 #4 type] 
Type domain.Event is not enhanced.

[2022-10-14 13:12:32 #5 type] 
Type domain.Registered is not enhanced.

[2022-10-14 13:12:32 #6 type] 
Type domain.Sport is not enhanced.

[2022-10-14 13:12:32 #7 type] 
Type domain.Question is not enhanced.

[2022-10-14 13:12:32 #8 type] 
Type domain.Jarraitzailea is not enhanced.

[2022-10-14 13:12:32 #9 type] 
Type domain.ApustuAnitza is not enhanced.

[2022-10-14 13:12:32 #10 type] 
Type domain.Transaction is not enhanced.

[2022-10-14 13:12:32 #11 type] 
Type domain.Quote is not enhanced.

[2022-10-14 13:12:32 #12 type] 
Type domain.Apustua is not enhanced.

------------------------------------------------------------------------------------------------------------------------

[2022-10-14 13:17:32 #1 store] 
Database 'C:\Users\Leire\git\BetsLiteIS2\bets\src\main\resources\bets.temp' has been recovered (tr. 2376-2383)

[2022-10-14 13:17:32 #2 store] 
Database 'C:\Users\Leire\git\BetsLiteIS2\bets\src\main\resources\bets.temp' is opened by 2792@DESKTOP-7BEFLBH

[2022-10-14 13:17:32 #3 type] 
Type domain.Team is not enhanced.

[2022-10-14 13:17:32 #4 type] 
Type domain.Event is not enhanced.

[2022-10-14 13:17:32 #5 type] 
Type domain.Registered is not enhanced.

[2022-10-14 13:17:32 #6 type] 
Type domain.Sport is not enhanced.

[2022-10-14 13:17:32 #7 type] 
Type domain.Question is not enhanced.

[2022-10-14 13:17:32 #8 type] 
Type domain.Jarraitzailea is not enhanced.

[2022-10-14 13:17:32 #9 type] 
Type domain.ApustuAnitza is not enhanced.

[2022-10-14 13:17:32 #10 type] 
Type domain.Transaction is not enhanced.

[2022-10-14 13:17:32 #11 type] 
Type domain.Quote is not enhanced.

[2022-10-14 13:17:32 #12 type] 
Type domain.Apustua is not enhanced.

