------------------------------------------------------------------------------------------------------------------------

[2022-10-13 18:03:57 #1 store] 
Database 'C:\Users\Leire\git\BetsLiteIS2\bets\src\main\resources\bets.temp' has been recovered (tr. 452-459)

[2022-10-13 18:03:57 #2 store] 
Database 'C:\Users\Leire\git\BetsLiteIS2\bets\src\main\resources\bets.temp' is opened by 17588@DESKTOP-7BEFLBH

[2022-10-13 18:03:57 #3 type] 
Type domain.Team is not enhanced.

[2022-10-13 18:03:57 #4 type] 
Type domain.Event is not enhanced.

[2022-10-13 18:03:57 #5 type] 
Type domain.Registered is not enhanced.

[2022-10-13 18:03:57 #6 type] 
Type domain.Sport is not enhanced.

[2022-10-13 18:03:57 #7 type] 
Type domain.Question is not enhanced.

[2022-10-13 18:03:57 #8 type] 
Type domain.Jarraitzailea is not enhanced.

[2022-10-13 18:03:57 #9 type] 
Type domain.ApustuAnitza is not enhanced.

[2022-10-13 18:03:57 #10 type] 
Type domain.Transaction is not enhanced.

[2022-10-13 18:03:57 #11 type] 
Type domain.Quote is not enhanced.

[2022-10-13 18:03:57 #12 type] 
Type domain.Apustua is not enhanced.

------------------------------------------------------------------------------------------------------------------------

[2022-10-13 18:05:11 #1 store] 
Database 'C:\Users\Leire\git\BetsLiteIS2\bets\src\main\resources\bets.temp' has been recovered (tr. 460-463)

[2022-10-13 18:05:11 #2 store] 
Database 'C:\Users\Leire\git\BetsLiteIS2\bets\src\main\resources\bets.temp' is opened by 7444@DESKTOP-7BEFLBH

[2022-10-13 18:05:12 #3 type] 
Type domain.Team is not enhanced.

[2022-10-13 18:05:12 #4 type] 
Type domain.Event is not enhanced.

[2022-10-13 18:05:12 #5 type] 
Type domain.Registered is not enhanced.

[2022-10-13 18:05:12 #6 type] 
Type domain.Sport is not enhanced.

[2022-10-13 18:05:12 #7 type] 
Type domain.Question is not enhanced.

[2022-10-13 18:05:12 #8 type] 
Type domain.Jarraitzailea is not enhanced.

[2022-10-13 18:05:12 #9 type] 
Type domain.ApustuAnitza is not enhanced.

[2022-10-13 18:05:12 #10 type] 
Type domain.Transaction is not enhanced.

[2022-10-13 18:05:12 #11 type] 
Type domain.Quote is not enhanced.

[2022-10-13 18:05:12 #12 type] 
Type domain.Apustua is not enhanced.

------------------------------------------------------------------------------------------------------------------------

[2022-10-13 18:10:06 #1 store] 
Database 'C:\Users\Leire\git\BetsLiteIS2\bets\src\main\resources\bets.temp' has been recovered (tr. 464-471)

[2022-10-13 18:10:07 #2 store] 
Database 'C:\Users\Leire\git\BetsLiteIS2\bets\src\main\resources\bets.temp' is opened by 4260@DESKTOP-7BEFLBH

[2022-10-13 18:10:07 #3 type] 
Type domain.Team is not enhanced.

[2022-10-13 18:10:07 #4 type] 
Type domain.Event is not enhanced.

[2022-10-13 18:10:07 #5 type] 
Type domain.Registered is not enhanced.

[2022-10-13 18:10:07 #6 type] 
Type domain.Sport is not enhanced.

[2022-10-13 18:10:07 #7 type] 
Type domain.Question is not enhanced.

[2022-10-13 18:10:07 #8 type] 
Type domain.Jarraitzailea is not enhanced.

[2022-10-13 18:10:07 #9 type] 
Type domain.ApustuAnitza is not enhanced.

[2022-10-13 18:10:07 #10 type] 
Type domain.Transaction is not enhanced.

[2022-10-13 18:10:07 #11 type] 
Type domain.Quote is not enhanced.

[2022-10-13 18:10:07 #12 type] 
Type domain.Apustua is not enhanced.

------------------------------------------------------------------------------------------------------------------------

[2022-10-13 18:10:59 #1 store] 
Database 'C:\Users\Leire\git\BetsLiteIS2\bets\src\main\resources\bets.temp' has been recovered (tr. 472-515)

[2022-10-13 18:10:59 #2 store] 
Database 'C:\Users\Leire\git\BetsLiteIS2\bets\src\main\resources\bets.temp' is opened by 20372@DESKTOP-7BEFLBH

[2022-10-13 18:10:59 #3 type] 
Type domain.Team is not enhanced.

[2022-10-13 18:10:59 #4 type] 
Type domain.Event is not enhanced.

[2022-10-13 18:10:59 #5 type] 
Type domain.Registered is not enhanced.

[2022-10-13 18:10:59 #6 type] 
Type domain.Sport is not enhanced.

[2022-10-13 18:10:59 #7 type] 
Type domain.Question is not enhanced.

[2022-10-13 18:11:00 #8 type] 
Type domain.Jarraitzailea is not enhanced.

[2022-10-13 18:11:00 #9 type] 
Type domain.ApustuAnitza is not enhanced.

[2022-10-13 18:11:00 #10 type] 
Type domain.Transaction is not enhanced.

[2022-10-13 18:11:00 #11 type] 
Type domain.Quote is not enhanced.

[2022-10-13 18:11:00 #12 type] 
Type domain.Apustua is not enhanced.

------------------------------------------------------------------------------------------------------------------------

[2022-10-13 18:11:09 #1 store] 
Database 'C:\Users\Leire\git\BetsLiteIS2\bets\src\main\resources\bets.temp' is opened by 18456@DESKTOP-7BEFLBH

[2022-10-13 18:11:10 #2 type] 
Type domain.Team is not enhanced.

[2022-10-13 18:11:10 #3 type] 
Type domain.Event is not enhanced.

[2022-10-13 18:11:10 #4 type] 
Type domain.Registered is not enhanced.

[2022-10-13 18:11:10 #5 type] 
Type domain.Sport is not enhanced.

[2022-10-13 18:11:10 #6 type] 
Type domain.Question is not enhanced.

[2022-10-13 18:11:10 #7 type] 
Type domain.Jarraitzailea is not enhanced.

[2022-10-13 18:11:10 #8 type] 
Type domain.ApustuAnitza is not enhanced.

[2022-10-13 18:11:10 #9 type] 
Type domain.Transaction is not enhanced.

[2022-10-13 18:11:10 #10 type] 
Type domain.Quote is not enhanced.

[2022-10-13 18:11:10 #11 type] 
Type domain.Apustua is not enhanced.

------------------------------------------------------------------------------------------------------------------------

[2022-10-13 18:11:17 #1 store] 
Database 'C:\Users\Leire\git\BetsLiteIS2\bets\src\main\resources\bets.temp' has been recovered (tr. 516-519)

[2022-10-13 18:11:17 #2 store] 
Database 'C:\Users\Leire\git\BetsLiteIS2\bets\src\main\resources\bets.temp' is opened by 4840@DESKTOP-7BEFLBH

[2022-10-13 18:11:17 #3 type] 
Type domain.Team is not enhanced.

[2022-10-13 18:11:17 #4 type] 
Type domain.Event is not enhanced.

[2022-10-13 18:11:17 #5 type] 
Type domain.Registered is not enhanced.

[2022-10-13 18:11:17 #6 type] 
Type domain.Sport is not enhanced.

[2022-10-13 18:11:17 #7 type] 
Type domain.Question is not enhanced.

[2022-10-13 18:11:17 #8 type] 
Type domain.Jarraitzailea is not enhanced.

[2022-10-13 18:11:17 #9 type] 
Type domain.ApustuAnitza is not enhanced.

[2022-10-13 18:11:17 #10 type] 
Type domain.Transaction is not enhanced.

[2022-10-13 18:11:17 #11 type] 
Type domain.Quote is not enhanced.

[2022-10-13 18:11:17 #12 type] 
Type domain.Apustua is not enhanced.

------------------------------------------------------------------------------------------------------------------------

[2022-10-13 18:17:10 #1 store] 
Database 'C:\Users\Leire\git\BetsLiteIS2\bets\src\main\resources\bets.temp' has been recovered (tr. 520-527)

[2022-10-13 18:17:10 #2 store] 
Database 'C:\Users\Leire\git\BetsLiteIS2\bets\src\main\resources\bets.temp' is opened by 12044@DESKTOP-7BEFLBH

[2022-10-13 18:17:10 #3 type] 
Type domain.Team is not enhanced.

[2022-10-13 18:17:10 #4 type] 
Type domain.Event is not enhanced.

[2022-10-13 18:17:10 #5 type] 
Type domain.Registered is not enhanced.

[2022-10-13 18:17:10 #6 type] 
Type domain.Sport is not enhanced.

[2022-10-13 18:17:10 #7 type] 
Type domain.Question is not enhanced.

[2022-10-13 18:17:10 #8 type] 
Type domain.Jarraitzailea is not enhanced.

[2022-10-13 18:17:10 #9 type] 
Type domain.ApustuAnitza is not enhanced.

[2022-10-13 18:17:10 #10 type] 
Type domain.Transaction is not enhanced.

[2022-10-13 18:17:10 #11 type] 
Type domain.Quote is not enhanced.

[2022-10-13 18:17:10 #12 type] 
Type domain.Apustua is not enhanced.

------------------------------------------------------------------------------------------------------------------------

[2022-10-13 18:17:20 #1 store] 
Database 'C:\Users\Leire\git\BetsLiteIS2\bets\src\main\resources\bets.temp' has been recovered (tr. 528-539)

[2022-10-13 18:17:20 #2 store] 
Database 'C:\Users\Leire\git\BetsLiteIS2\bets\src\main\resources\bets.temp' is opened by 15560@DESKTOP-7BEFLBH

[2022-10-13 18:17:21 #3 type] 
Type domain.Team is not enhanced.

[2022-10-13 18:17:21 #4 type] 
Type domain.Event is not enhanced.

[2022-10-13 18:17:21 #5 type] 
Type domain.Registered is not enhanced.

[2022-10-13 18:17:21 #6 type] 
Type domain.Sport is not enhanced.

[2022-10-13 18:17:21 #7 type] 
Type domain.Question is not enhanced.

[2022-10-13 18:17:21 #8 type] 
Type domain.Jarraitzailea is not enhanced.

[2022-10-13 18:17:21 #9 type] 
Type domain.ApustuAnitza is not enhanced.

[2022-10-13 18:17:21 #10 type] 
Type domain.Transaction is not enhanced.

[2022-10-13 18:17:21 #11 type] 
Type domain.Quote is not enhanced.

[2022-10-13 18:17:21 #12 type] 
Type domain.Apustua is not enhanced.

