------------------------------------------------------------------------------------------------------------------------

[2022-10-10 16:44:16 #1 store] 
Database 'C:\Users\Leire\git\BetsLiteIS2\bets\src\main\resources\bets.temp' has been recovered (tr. 14-17)

[2022-10-10 16:44:17 #2 store] 
Database 'C:\Users\Leire\git\BetsLiteIS2\bets\src\main\resources\bets.temp' is opened by 10476@DESKTOP-7BEFLBH

[2022-10-10 16:44:17 #3 type] 
Type domain.Team is not enhanced.

[2022-10-10 16:44:17 #4 type] 
Type domain.Event is not enhanced.

[2022-10-10 16:44:17 #5 type] 
Type domain.Registered is not enhanced.

[2022-10-10 16:44:17 #6 type] 
Type domain.Sport is not enhanced.

[2022-10-10 16:44:17 #7 type] 
Type domain.Question is not enhanced.

[2022-10-10 16:44:17 #8 type] 
Type domain.Jarraitzailea is not enhanced.

[2022-10-10 16:44:17 #9 type] 
Type domain.ApustuAnitza is not enhanced.

[2022-10-10 16:44:17 #10 type] 
Type domain.Transaction is not enhanced.

[2022-10-10 16:44:17 #11 type] 
Type domain.Quote is not enhanced.

[2022-10-10 16:44:17 #12 type] 
Type domain.Apustua is not enhanced.

------------------------------------------------------------------------------------------------------------------------

[2022-10-10 16:45:11 #1 store] 
Database 'C:\Users\Leire\git\BetsLiteIS2\bets\src\main\resources\bets.temp' has been recovered (tr. 18-25)

[2022-10-10 16:45:11 #2 store] 
Database 'C:\Users\Leire\git\BetsLiteIS2\bets\src\main\resources\bets.temp' is opened by 4472@DESKTOP-7BEFLBH

[2022-10-10 16:45:11 #3 type] 
Type domain.Team is not enhanced.

[2022-10-10 16:45:11 #4 type] 
Type domain.Event is not enhanced.

[2022-10-10 16:45:11 #5 type] 
Type domain.Registered is not enhanced.

[2022-10-10 16:45:11 #6 type] 
Type domain.Sport is not enhanced.

[2022-10-10 16:45:11 #7 type] 
Type domain.Question is not enhanced.

[2022-10-10 16:45:11 #8 type] 
Type domain.Jarraitzailea is not enhanced.

[2022-10-10 16:45:11 #9 type] 
Type domain.ApustuAnitza is not enhanced.

[2022-10-10 16:45:11 #10 type] 
Type domain.Transaction is not enhanced.

[2022-10-10 16:45:11 #11 type] 
Type domain.Quote is not enhanced.

[2022-10-10 16:45:11 #12 type] 
Type domain.Apustua is not enhanced.

------------------------------------------------------------------------------------------------------------------------

[2022-10-10 19:32:57 #1 store] 
Database 'C:\Users\Leire\git\BetsLiteIS2\bets\src\main\resources\bets.temp' is opened by 4584@DESKTOP-7BEFLBH

[2022-10-10 19:32:57 #2 type.registry] 
New type domain.Team

[2022-10-10 19:32:57 #3 type] 
Type domain.Team is not enhanced.

[2022-10-10 19:32:57 #4 type.registry] 
New type domain.Event

[2022-10-10 19:32:57 #5 type.registry] 
New type java.util.Vector<domain.Event>

[2022-10-10 19:32:57 #6 type.registry] 
New type domain.Registered

[2022-10-10 19:32:57 #7 type.registry] 
New type java.util.Vector<domain.Registered>

[2022-10-10 19:32:57 #8 type] 
Type domain.Event is not enhanced.

[2022-10-10 19:32:57 #9 type.registry] 
New type domain.Sport

[2022-10-10 19:32:57 #10 type.registry] 
New type domain.Question

[2022-10-10 19:32:57 #11 type.registry] 
New type java.util.Vector<domain.Question>

[2022-10-10 19:32:57 #12 type] 
Type domain.Registered is not enhanced.

[2022-10-10 19:32:57 #13 type.registry] 
New type domain.Jarraitzailea

[2022-10-10 19:32:57 #14 type.registry] 
New type java.util.Vector<domain.Jarraitzailea>

[2022-10-10 19:32:57 #15 type.registry] 
New type domain.ApustuAnitza

[2022-10-10 19:32:57 #16 type.registry] 
New type java.util.Vector<domain.ApustuAnitza>

[2022-10-10 19:32:57 #17 type.registry] 
New type domain.Transaction

[2022-10-10 19:32:57 #18 type.registry] 
New type java.util.Vector<domain.Transaction>

[2022-10-10 19:32:57 #19 type] 
Type domain.Sport is not enhanced.

[2022-10-10 19:32:57 #20 type] 
Type domain.Question is not enhanced.

[2022-10-10 19:32:57 #21 type.registry] 
New type domain.Quote

[2022-10-10 19:32:57 #22 type.registry] 
New type java.util.Vector<domain.Quote>

[2022-10-10 19:32:57 #23 type] 
Type domain.Jarraitzailea is not enhanced.

[2022-10-10 19:32:57 #24 type] 
Type domain.ApustuAnitza is not enhanced.

[2022-10-10 19:32:57 #25 type.registry] 
New type domain.Apustua

[2022-10-10 19:32:57 #26 type.registry] 
New type java.util.Vector<domain.Apustua>

[2022-10-10 19:32:57 #27 type] 
Type domain.Transaction is not enhanced.

[2022-10-10 19:32:57 #28 type] 
Type domain.Quote is not enhanced.

[2022-10-10 19:32:57 #29 type] 
Type domain.Apustua is not enhanced.

[2022-10-10 19:32:57 #30 type.registry] 
New type java.util.Vector<java.lang.Object>

