------------------------------------------------------------------------------------------------------------------------

[2022-10-12 17:10:02 #1 store] 
Database 'C:\Users\Leire\git\BetsLiteIS2\bets\src\main\resources\bets.temp' has been recovered (tr. 1-17)

[2022-10-12 17:10:02 #2 store] 
Database 'C:\Users\Leire\git\BetsLiteIS2\bets\src\main\resources\bets.temp' is opened by 18764@DESKTOP-7BEFLBH

[2022-10-12 17:10:03 #3 type] 
Type domain.Team is not enhanced.

[2022-10-12 17:10:03 #4 type] 
Type domain.Event is not enhanced.

[2022-10-12 17:10:03 #5 type] 
Type domain.Registered is not enhanced.

[2022-10-12 17:10:03 #6 type] 
Type domain.Sport is not enhanced.

[2022-10-12 17:10:03 #7 type] 
Type domain.Question is not enhanced.

[2022-10-12 17:10:03 #8 type] 
Type domain.Jarraitzailea is not enhanced.

[2022-10-12 17:10:03 #9 type] 
Type domain.ApustuAnitza is not enhanced.

[2022-10-12 17:10:03 #10 type] 
Type domain.Transaction is not enhanced.

[2022-10-12 17:10:03 #11 type] 
Type domain.Quote is not enhanced.

[2022-10-12 17:10:03 #12 type] 
Type domain.Apustua is not enhanced.

------------------------------------------------------------------------------------------------------------------------

[2022-10-12 17:10:48 #1 store] 
Database 'C:\Users\Leire\git\BetsLiteIS2\bets\src\main\resources\bets.temp' has been recovered (tr. 18-80)

[2022-10-12 17:10:48 #2 store] 
Database 'C:\Users\Leire\git\BetsLiteIS2\bets\src\main\resources\bets.temp' is opened by 7736@DESKTOP-7BEFLBH

[2022-10-12 17:10:48 #3 type] 
Type domain.Team is not enhanced.

[2022-10-12 17:10:48 #4 type] 
Type domain.Event is not enhanced.

[2022-10-12 17:10:48 #5 type] 
Type domain.Registered is not enhanced.

[2022-10-12 17:10:48 #6 type] 
Type domain.Sport is not enhanced.

[2022-10-12 17:10:48 #7 type] 
Type domain.Question is not enhanced.

[2022-10-12 17:10:48 #8 type] 
Type domain.Jarraitzailea is not enhanced.

[2022-10-12 17:10:48 #9 type] 
Type domain.ApustuAnitza is not enhanced.

[2022-10-12 17:10:48 #10 type] 
Type domain.Transaction is not enhanced.

[2022-10-12 17:10:48 #11 type] 
Type domain.Quote is not enhanced.

[2022-10-12 17:10:48 #12 type] 
Type domain.Apustua is not enhanced.

------------------------------------------------------------------------------------------------------------------------

[2022-10-12 17:26:48 #1 store] 
Database 'C:\Users\Leire\git\BetsLiteIS2\bets\src\main\resources\bets.temp' has been recovered (tr. 81-141)

[2022-10-12 17:26:48 #2 store] 
Database 'C:\Users\Leire\git\BetsLiteIS2\bets\src\main\resources\bets.temp' is opened by 7332@DESKTOP-7BEFLBH

[2022-10-12 17:26:49 #3 type] 
Type domain.Team is not enhanced.

[2022-10-12 17:26:49 #4 type] 
Type domain.Event is not enhanced.

[2022-10-12 17:26:49 #5 type] 
Type domain.Registered is not enhanced.

[2022-10-12 17:26:49 #6 type] 
Type domain.Sport is not enhanced.

[2022-10-12 17:26:49 #7 type] 
Type domain.Question is not enhanced.

[2022-10-12 17:26:49 #8 type] 
Type domain.Jarraitzailea is not enhanced.

[2022-10-12 17:26:49 #9 type] 
Type domain.ApustuAnitza is not enhanced.

[2022-10-12 17:26:49 #10 type] 
Type domain.Transaction is not enhanced.

[2022-10-12 17:26:49 #11 type] 
Type domain.Quote is not enhanced.

[2022-10-12 17:26:49 #12 type] 
Type domain.Apustua is not enhanced.

------------------------------------------------------------------------------------------------------------------------

[2022-10-12 17:28:45 #1 store] 
Database 'C:\Users\Leire\git\BetsLiteIS2\bets\src\main\resources\bets.temp' has been recovered (tr. 142-202)

[2022-10-12 17:28:45 #2 store] 
Database 'C:\Users\Leire\git\BetsLiteIS2\bets\src\main\resources\bets.temp' is opened by 12264@DESKTOP-7BEFLBH

[2022-10-12 17:28:45 #3 type] 
Type domain.Team is not enhanced.

[2022-10-12 17:28:45 #4 type] 
Type domain.Event is not enhanced.

[2022-10-12 17:28:45 #5 type] 
Type domain.Registered is not enhanced.

[2022-10-12 17:28:45 #6 type] 
Type domain.Sport is not enhanced.

[2022-10-12 17:28:45 #7 type] 
Type domain.Question is not enhanced.

[2022-10-12 17:28:45 #8 type] 
Type domain.Jarraitzailea is not enhanced.

[2022-10-12 17:28:45 #9 type] 
Type domain.ApustuAnitza is not enhanced.

[2022-10-12 17:28:45 #10 type] 
Type domain.Transaction is not enhanced.

[2022-10-12 17:28:45 #11 type] 
Type domain.Quote is not enhanced.

[2022-10-12 17:28:45 #12 type] 
Type domain.Apustua is not enhanced.

------------------------------------------------------------------------------------------------------------------------

[2022-10-12 17:29:24 #1 store] 
Database 'C:\Users\Leire\git\BetsLiteIS2\bets\src\main\resources\bets.temp' has been recovered (tr. 203-263)

[2022-10-12 17:29:24 #2 store] 
Database 'C:\Users\Leire\git\BetsLiteIS2\bets\src\main\resources\bets.temp' is opened by 15436@DESKTOP-7BEFLBH

[2022-10-12 17:29:24 #3 type] 
Type domain.Team is not enhanced.

[2022-10-12 17:29:24 #4 type] 
Type domain.Event is not enhanced.

[2022-10-12 17:29:24 #5 type] 
Type domain.Registered is not enhanced.

[2022-10-12 17:29:24 #6 type] 
Type domain.Sport is not enhanced.

[2022-10-12 17:29:24 #7 type] 
Type domain.Question is not enhanced.

[2022-10-12 17:29:24 #8 type] 
Type domain.Jarraitzailea is not enhanced.

[2022-10-12 17:29:24 #9 type] 
Type domain.ApustuAnitza is not enhanced.

[2022-10-12 17:29:24 #10 type] 
Type domain.Transaction is not enhanced.

[2022-10-12 17:29:24 #11 type] 
Type domain.Quote is not enhanced.

[2022-10-12 17:29:24 #12 type] 
Type domain.Apustua is not enhanced.

------------------------------------------------------------------------------------------------------------------------

[2022-10-12 17:29:27 #1 store] 
Database 'C:\Users\Leire\git\BetsLiteIS2\bets\src\main\resources\bets.temp' has been recovered (tr. 264-324)

[2022-10-12 17:29:27 #2 store] 
Database 'C:\Users\Leire\git\BetsLiteIS2\bets\src\main\resources\bets.temp' is opened by 17592@DESKTOP-7BEFLBH

[2022-10-12 17:29:27 #3 type] 
Type domain.Team is not enhanced.

[2022-10-12 17:29:27 #4 type] 
Type domain.Event is not enhanced.

[2022-10-12 17:29:27 #5 type] 
Type domain.Registered is not enhanced.

[2022-10-12 17:29:27 #6 type] 
Type domain.Sport is not enhanced.

[2022-10-12 17:29:27 #7 type] 
Type domain.Question is not enhanced.

[2022-10-12 17:29:27 #8 type] 
Type domain.Jarraitzailea is not enhanced.

[2022-10-12 17:29:27 #9 type] 
Type domain.ApustuAnitza is not enhanced.

[2022-10-12 17:29:27 #10 type] 
Type domain.Transaction is not enhanced.

[2022-10-12 17:29:27 #11 type] 
Type domain.Quote is not enhanced.

[2022-10-12 17:29:27 #12 type] 
Type domain.Apustua is not enhanced.

------------------------------------------------------------------------------------------------------------------------

[2022-10-12 17:30:20 #1 store] 
Database 'C:\Users\Leire\git\BetsLiteIS2\bets\src\main\resources\bets.temp' has been recovered (tr. 329-329)

[2022-10-12 17:30:20 #2 store] 
Database 'C:\Users\Leire\git\BetsLiteIS2\bets\src\main\resources\bets.temp' is opened by 15332@DESKTOP-7BEFLBH

[2022-10-12 17:30:20 #3 type] 
Type domain.Team is not enhanced.

[2022-10-12 17:30:20 #4 type] 
Type domain.Event is not enhanced.

[2022-10-12 17:30:20 #5 type] 
Type domain.Registered is not enhanced.

[2022-10-12 17:30:20 #6 type] 
Type domain.Sport is not enhanced.

[2022-10-12 17:30:20 #7 type] 
Type domain.Question is not enhanced.

[2022-10-12 17:30:20 #8 type] 
Type domain.Jarraitzailea is not enhanced.

[2022-10-12 17:30:20 #9 type] 
Type domain.ApustuAnitza is not enhanced.

[2022-10-12 17:30:20 #10 type] 
Type domain.Transaction is not enhanced.

[2022-10-12 17:30:20 #11 type] 
Type domain.Quote is not enhanced.

[2022-10-12 17:30:20 #12 type] 
Type domain.Apustua is not enhanced.

------------------------------------------------------------------------------------------------------------------------

[2022-10-12 17:31:29 #1 store] 
Database 'C:\Users\Leire\git\BetsLiteIS2\bets\src\main\resources\bets.temp' has been recovered (tr. 330-390)

[2022-10-12 17:31:29 #2 store] 
Database 'C:\Users\Leire\git\BetsLiteIS2\bets\src\main\resources\bets.temp' is opened by 14432@DESKTOP-7BEFLBH

[2022-10-12 17:31:29 #3 type] 
Type domain.Team is not enhanced.

[2022-10-12 17:31:29 #4 type] 
Type domain.Event is not enhanced.

[2022-10-12 17:31:29 #5 type] 
Type domain.Registered is not enhanced.

[2022-10-12 17:31:29 #6 type] 
Type domain.Sport is not enhanced.

[2022-10-12 17:31:29 #7 type] 
Type domain.Question is not enhanced.

[2022-10-12 17:31:29 #8 type] 
Type domain.Jarraitzailea is not enhanced.

[2022-10-12 17:31:29 #9 type] 
Type domain.ApustuAnitza is not enhanced.

[2022-10-12 17:31:29 #10 type] 
Type domain.Transaction is not enhanced.

[2022-10-12 17:31:29 #11 type] 
Type domain.Quote is not enhanced.

[2022-10-12 17:31:29 #12 type] 
Type domain.Apustua is not enhanced.

------------------------------------------------------------------------------------------------------------------------

[2022-10-12 17:43:50 #1 store] 
Database 'C:\Users\Leire\git\BetsLiteIS2\bets\src\main\resources\bets.temp' has been recovered (tr. 391-451)

[2022-10-12 17:43:50 #2 store] 
Database 'C:\Users\Leire\git\BetsLiteIS2\bets\src\main\resources\bets.temp' is opened by 4336@DESKTOP-7BEFLBH

[2022-10-12 17:43:50 #3 type] 
Type domain.Team is not enhanced.

[2022-10-12 17:43:50 #4 type] 
Type domain.Event is not enhanced.

[2022-10-12 17:43:50 #5 type] 
Type domain.Registered is not enhanced.

[2022-10-12 17:43:50 #6 type] 
Type domain.Sport is not enhanced.

[2022-10-12 17:43:50 #7 type] 
Type domain.Question is not enhanced.

[2022-10-12 17:43:50 #8 type] 
Type domain.Jarraitzailea is not enhanced.

[2022-10-12 17:43:50 #9 type] 
Type domain.ApustuAnitza is not enhanced.

[2022-10-12 17:43:50 #10 type] 
Type domain.Transaction is not enhanced.

[2022-10-12 17:43:50 #11 type] 
Type domain.Quote is not enhanced.

[2022-10-12 17:43:50 #12 type] 
Type domain.Apustua is not enhanced.

