------------------------------------------------------------------------------------------------------------------------

[2022-10-15 17:18:27 #1 store] 
Database 'C:\Users\Leire\git\BetsLiteIS2\bets\src\main\resources\bets.temp' has been recovered (tr. 2384-2835)

[2022-10-15 17:18:27 #2 store] 
Database 'C:\Users\Leire\git\BetsLiteIS2\bets\src\main\resources\bets.temp' is opened by 10764@DESKTOP-7BEFLBH

[2022-10-15 17:18:27 #3 type] 
Type domain.Team is not enhanced.

[2022-10-15 17:18:27 #4 type] 
Type domain.Event is not enhanced.

[2022-10-15 17:18:27 #5 type] 
Type domain.Registered is not enhanced.

[2022-10-15 17:18:27 #6 type] 
Type domain.Sport is not enhanced.

[2022-10-15 17:18:27 #7 type] 
Type domain.Question is not enhanced.

[2022-10-15 17:18:27 #8 type] 
Type domain.Jarraitzailea is not enhanced.

[2022-10-15 17:18:27 #9 type] 
Type domain.ApustuAnitza is not enhanced.

[2022-10-15 17:18:27 #10 type] 
Type domain.Transaction is not enhanced.

[2022-10-15 17:18:27 #11 type] 
Type domain.Quote is not enhanced.

[2022-10-15 17:18:27 #12 type] 
Type domain.Apustua is not enhanced.

------------------------------------------------------------------------------------------------------------------------

[2022-10-15 17:19:02 #1 store] 
Database 'C:\Users\Leire\git\BetsLiteIS2\bets\src\main\resources\bets.temp' has been recovered (tr. 2836-3271)

[2022-10-15 17:19:02 #2 store] 
Database 'C:\Users\Leire\git\BetsLiteIS2\bets\src\main\resources\bets.temp' is opened by 2596@DESKTOP-7BEFLBH

[2022-10-15 17:19:02 #3 type] 
Type domain.Team is not enhanced.

[2022-10-15 17:19:02 #4 type] 
Type domain.Event is not enhanced.

[2022-10-15 17:19:02 #5 type] 
Type domain.Registered is not enhanced.

[2022-10-15 17:19:02 #6 type] 
Type domain.Sport is not enhanced.

[2022-10-15 17:19:02 #7 type] 
Type domain.Question is not enhanced.

[2022-10-15 17:19:02 #8 type] 
Type domain.Jarraitzailea is not enhanced.

[2022-10-15 17:19:03 #9 type] 
Type domain.ApustuAnitza is not enhanced.

[2022-10-15 17:19:03 #10 type] 
Type domain.Transaction is not enhanced.

[2022-10-15 17:19:03 #11 type] 
Type domain.Quote is not enhanced.

[2022-10-15 17:19:03 #12 type] 
Type domain.Apustua is not enhanced.

