------------------------------------------------------------------------------------------------------------------------

[2022-10-15 17:18:27 #1 store] 
Database 'C:\Users\Leire\git\BetsLiteIS2\bets\src\main\resources\bets.temp' has been recovered (tr. 2384-2835)

[2022-10-15 17:18:27 #2 store] 
Database 'C:\Users\Leire\git\BetsLiteIS2\bets\src\main\resources\bets.temp' is opened by 10764@DESKTOP-7BEFLBH

[2022-10-15 17:18:27 #3 type] 
Type domain.Team is not enhanced.

[2022-10-15 17:18:27 #4 type] 
Type domain.Event is not enhanced.

[2022-10-15 17:18:27 #5 type] 
Type domain.Registered is not enhanced.

[2022-10-15 17:18:27 #6 type] 
Type domain.Sport is not enhanced.

[2022-10-15 17:18:27 #7 type] 
Type domain.Question is not enhanced.

[2022-10-15 17:18:27 #8 type] 
Type domain.Jarraitzailea is not enhanced.

[2022-10-15 17:18:27 #9 type] 
Type domain.ApustuAnitza is not enhanced.

[2022-10-15 17:18:27 #10 type] 
Type domain.Transaction is not enhanced.

[2022-10-15 17:18:27 #11 type] 
Type domain.Quote is not enhanced.

[2022-10-15 17:18:27 #12 type] 
Type domain.Apustua is not enhanced.

------------------------------------------------------------------------------------------------------------------------

[2022-10-15 17:19:02 #1 store] 
Database 'C:\Users\Leire\git\BetsLiteIS2\bets\src\main\resources\bets.temp' has been recovered (tr. 2836-3271)

[2022-10-15 17:19:02 #2 store] 
Database 'C:\Users\Leire\git\BetsLiteIS2\bets\src\main\resources\bets.temp' is opened by 2596@DESKTOP-7BEFLBH

[2022-10-15 17:19:02 #3 type] 
Type domain.Team is not enhanced.

[2022-10-15 17:19:02 #4 type] 
Type domain.Event is not enhanced.

[2022-10-15 17:19:02 #5 type] 
Type domain.Registered is not enhanced.

[2022-10-15 17:19:02 #6 type] 
Type domain.Sport is not enhanced.

[2022-10-15 17:19:02 #7 type] 
Type domain.Question is not enhanced.

[2022-10-15 17:19:02 #8 type] 
Type domain.Jarraitzailea is not enhanced.

[2022-10-15 17:19:03 #9 type] 
Type domain.ApustuAnitza is not enhanced.

[2022-10-15 17:19:03 #10 type] 
Type domain.Transaction is not enhanced.

[2022-10-15 17:19:03 #11 type] 
Type domain.Quote is not enhanced.

[2022-10-15 17:19:03 #12 type] 
Type domain.Apustua is not enhanced.

------------------------------------------------------------------------------------------------------------------------

[2022-10-15 17:35:13 #1 store] 
Database 'C:\Users\Leire\git\BetsLiteIS2\bets\src\main\resources\bets.temp' has been recovered (tr. 3272-3707)

[2022-10-15 17:35:13 #2 store] 
Database 'C:\Users\Leire\git\BetsLiteIS2\bets\src\main\resources\bets.temp' is opened by 11908@DESKTOP-7BEFLBH

[2022-10-15 17:35:13 #3 type] 
Type domain.Team is not enhanced.

[2022-10-15 17:35:13 #4 type] 
Type domain.Event is not enhanced.

[2022-10-15 17:35:13 #5 type] 
Type domain.Registered is not enhanced.

[2022-10-15 17:35:13 #6 type] 
Type domain.Sport is not enhanced.

[2022-10-15 17:35:13 #7 type] 
Type domain.Question is not enhanced.

[2022-10-15 17:35:13 #8 type] 
Type domain.Jarraitzailea is not enhanced.

[2022-10-15 17:35:13 #9 type] 
Type domain.ApustuAnitza is not enhanced.

[2022-10-15 17:35:13 #10 type] 
Type domain.Transaction is not enhanced.

[2022-10-15 17:35:13 #11 type] 
Type domain.Quote is not enhanced.

[2022-10-15 17:35:13 #12 type] 
Type domain.Apustua is not enhanced.

------------------------------------------------------------------------------------------------------------------------

[2022-10-15 17:45:27 #1 store] 
Database 'C:\Users\Leire\git\BetsLiteIS2\bets\src\main\resources\bets.temp' has been recovered (tr. 3708-4143)

[2022-10-15 17:45:27 #2 store] 
Database 'C:\Users\Leire\git\BetsLiteIS2\bets\src\main\resources\bets.temp' is opened by 13356@DESKTOP-7BEFLBH

[2022-10-15 17:45:27 #3 type] 
Type domain.Team is not enhanced.

[2022-10-15 17:45:27 #4 type] 
Type domain.Event is not enhanced.

[2022-10-15 17:45:27 #5 type] 
Type domain.Registered is not enhanced.

[2022-10-15 17:45:27 #6 type] 
Type domain.Sport is not enhanced.

[2022-10-15 17:45:27 #7 type] 
Type domain.Question is not enhanced.

[2022-10-15 17:45:27 #8 type] 
Type domain.Jarraitzailea is not enhanced.

[2022-10-15 17:45:27 #9 type] 
Type domain.ApustuAnitza is not enhanced.

[2022-10-15 17:45:27 #10 type] 
Type domain.Transaction is not enhanced.

[2022-10-15 17:45:27 #11 type] 
Type domain.Quote is not enhanced.

[2022-10-15 17:45:27 #12 type] 
Type domain.Apustua is not enhanced.

------------------------------------------------------------------------------------------------------------------------

[2022-10-15 17:55:50 #1 store] 
Database 'C:\Users\Leire\git\BetsLiteIS2\src\main\resources\bets.temp' has been recovered (tr. 4144-4579)

[2022-10-15 17:55:50 #2 store] 
Database 'C:\Users\Leire\git\BetsLiteIS2\src\main\resources\bets.temp' is opened by 2140@DESKTOP-7BEFLBH

[2022-10-15 17:55:50 #3 type] 
Type domain.Team is not enhanced.

[2022-10-15 17:55:50 #4 type] 
Type domain.Event is not enhanced.

[2022-10-15 17:55:50 #5 type] 
Type domain.Registered is not enhanced.

[2022-10-15 17:55:50 #6 type] 
Type domain.Sport is not enhanced.

[2022-10-15 17:55:50 #7 type] 
Type domain.Question is not enhanced.

[2022-10-15 17:55:50 #8 type] 
Type domain.Jarraitzailea is not enhanced.

[2022-10-15 17:55:50 #9 type] 
Type domain.ApustuAnitza is not enhanced.

[2022-10-15 17:55:50 #10 type] 
Type domain.Transaction is not enhanced.

[2022-10-15 17:55:50 #11 type] 
Type domain.Quote is not enhanced.

[2022-10-15 17:55:50 #12 type] 
Type domain.Apustua is not enhanced.

------------------------------------------------------------------------------------------------------------------------

[2022-10-15 19:32:14 #1 store] 
Database 'C:\Users\Leire\git\BetsLiteIS2\src\main\resources\bets.temp' has been recovered (tr. 4580-5015)

[2022-10-15 19:32:14 #2 store] 
Database 'C:\Users\Leire\git\BetsLiteIS2\src\main\resources\bets.temp' is opened by 8884@DESKTOP-7BEFLBH

[2022-10-15 19:32:14 #3 type] 
Type domain.Team is not enhanced.

[2022-10-15 19:32:14 #4 type] 
Type domain.Event is not enhanced.

[2022-10-15 19:32:14 #5 type] 
Type domain.Registered is not enhanced.

[2022-10-15 19:32:14 #6 type] 
Type domain.Sport is not enhanced.

[2022-10-15 19:32:14 #7 type] 
Type domain.Question is not enhanced.

[2022-10-15 19:32:14 #8 type] 
Type domain.Jarraitzailea is not enhanced.

[2022-10-15 19:32:14 #9 type] 
Type domain.ApustuAnitza is not enhanced.

[2022-10-15 19:32:14 #10 type] 
Type domain.Transaction is not enhanced.

[2022-10-15 19:32:14 #11 type] 
Type domain.Quote is not enhanced.

[2022-10-15 19:32:14 #12 type] 
Type domain.Apustua is not enhanced.

